<?xml version="1.0" encoding="UTF-8"?>
<testsuite xmlns:xsi="http://www.w3.org/2001/XMLSchema-instance" xsi:noNamespaceSchemaLocation="https://maven.apache.org/surefire/maven-surefire-plugin/xsd/surefire-test-report-3.0.xsd" version="3.0" name="ResultCalculationTest" time="0.429" tests="2" errors="0" skipped="0" failures="0">
  <properties>
[...]
</properties>
  <testcase name="matchesDomainTest" classname="ResultCalculationTest" time="0.028">
    <system-err><![CDATA[янв. 21, 2023 11:13:14 PM org.springframework.context.support.ClassPathXmlApplicationContext prepareRefresh
INFO: Refreshing org.springframework.context.support.ClassPathXmlApplicationContext@418e7838: startup date [Sat Jan 21 23:13:14 EET 2023]; root of context hierarchy
янв. 21, 2023 11:13:14 PM org.springframework.beans.factory.xml.XmlBeanDefinitionReader loadBeanDefinitions
INFO: Loading XML bean definitions from class path resource [SpringXMLConfig.xml]
янв. 21, 2023 11:13:15 PM org.springframework.beans.factory.xml.XmlBeanDefinitionReader loadBeanDefinitions
INFO: Loading XML bean definitions from file [D:\StudenServlet\Student\src\main\resources\SpringXMLConfig.xml]
]]></system-err>
  </testcase>
  <testcase name="getEmailDomainTest" classname="ResultCalculationTest" time="0.003"/>
</testsuite>